2025-03-24 14:21:52,730 - kovrycha - INFO - Starting Kovrycha
2025-03-24 14:21:52,731 - kovrycha.config - INFO - Configuration loaded from config.json
2025-03-24 14:21:52,742 - kovrycha.brain - INFO - Brain initialized with mood: calm, energy: 0.5
2025-03-24 14:25:26,241 - kovrycha - INFO - Starting Kovrycha
2025-03-24 14:25:26,242 - kovrycha.config - INFO - Configuration loaded from config.json
2025-03-24 14:25:26,258 - kovrycha.brain - INFO - Brain initialized with mood: calm, energy: 0.5
2025-03-24 14:25:26,259 - kovrycha.behavior - INFO - Behavior system initialized
2025-03-24 14:25:26,261 - kovrycha.sensory - INFO - Sensory system initialized
2025-03-24 14:25:26,380 - kovrycha.overlay - INFO - Overlay window initialized successfully
2025-03-24 14:25:26,381 - kovrycha - INFO - Kovrycha initialized
2025-03-24 14:25:26,387 - kovrycha.overlay - ERROR - Error in paint event: name 'Qt' is not defined
2025-03-24 14:25:26,451 - kovrycha.overlay - ERROR - Error in paint event: name 'Qt' is not defined
2025-03-24 14:25:26,453 - kovrycha.overlay - ERROR - Error in paint event: name 'Qt' is not defined
2025-03-24 14:25:26,462 - kovrycha.overlay - ERROR - Error in paint event: name 'Qt' is not defined
2025-03-24 14:25:26,472 - kovrycha.overlay - ERROR - Error in paint event: name 'Qt' is not defined
2025-03-24 14:25:26,510 - kovrycha.overlay - ERROR - Error in paint event: name 'Qt' is not defined
2025-03-24 14:25:26,513 - kovrycha.overlay - ERROR - Error in paint event: name 'Qt' is not defined
2025-03-24 14:25:26,522 - kovrycha.overlay - ERROR - Error in paint event: name 'Qt' is not defined
2025-03-24 14:25:26,533 - kovrycha.overlay - ERROR - Error in paint event: name 'Qt' is not defined
2025-03-24 14:25:26,543 - kovrycha.overlay - ERROR - Error in paint event: name 'Qt' is not defined
2025-03-24 14:25:26,553 - kovrycha.overlay - ERROR - Error in paint event: name 'Qt' is not defined
2025-03-24 14:25:26,562 - kovrycha.overlay - ERROR - Error in paint event: name 'Qt' is not defined
2025-03-24 14:25:26,573 - kovrycha.overlay - ERROR - Error in paint event: name 'Qt' is not defined
2025-03-24 14:25:26,583 - kovrycha.overlay - ERROR - Error in paint event: name 'Qt' is not defined
2025-03-24 14:25:26,611 - kovrycha.overlay - ERROR - Error in paint event: name 'Qt' is not defined
2025-03-24 14:25:26,614 - kovrycha.overlay - ERROR - Error in paint event: name 'Qt' is not defined
2025-03-24 14:25:26,623 - kovrycha.overlay - ERROR - Error in paint event: name 'Qt' is not defined
2025-03-24 14:25:26,632 - kovrycha.overlay - ERROR - Error in paint event: name 'Qt' is not defined
2025-03-24 14:25:26,643 - kovrycha.overlay - ERROR - Error in paint event: name 'Qt' is not defined
2025-03-24 14:25:26,653 - kovrycha.overlay - ERROR - Error in paint event: name 'Qt' is not defined
2025-03-24 14:25:26,664 - kovrycha.overlay - ERROR - Error in paint event: name 'Qt' is not defined
2025-03-24 14:25:26,672 - kovrycha.overlay - ERROR - Error in paint event: name 'Qt' is not defined
2025-03-24 14:25:26,681 - kovrycha.overlay - ERROR - Error in paint event: name 'Qt' is not defined
2025-03-24 14:25:26,693 - kovrycha.overlay - ERROR - Error in paint event: name 'Qt' is not defined
2025-03-24 14:25:26,728 - kovrycha.overlay - ERROR - Error in paint event: name 'Qt' is not defined
2025-03-24 14:25:26,732 - kovrycha.overlay - ERROR - Error in paint event: name 'Qt' is not defined
2025-03-24 14:25:26,743 - kovrycha.overlay - ERROR - Error in paint event: name 'Qt' is not defined
2025-03-24 14:25:26,753 - kovrycha.overlay - ERROR - Error in paint event: name 'Qt' is not defined
2025-03-24 14:25:26,763 - kovrycha.overlay - ERROR - Error in paint event: name 'Qt' is not defined
2025-03-24 14:25:26,773 - kovrycha.overlay - ERROR - Error in paint event: name 'Qt' is not defined
2025-03-24 14:25:26,783 - kovrycha.overlay - ERROR - Error in paint event: name 'Qt' is not defined
2025-03-24 14:25:26,793 - kovrycha.overlay - ERROR - Error in paint event: name 'Qt' is not defined
2025-03-24 14:25:26,803 - kovrycha.overlay - ERROR - Error in paint event: name 'Qt' is not defined
2025-03-24 14:25:26,844 - kovrycha.overlay - ERROR - Error in paint event: name 'Qt' is not defined
2025-03-24 14:25:26,853 - kovrycha.overlay - ERROR - Error in paint event: name 'Qt' is not defined
2025-03-24 14:25:26,863 - kovrycha.overlay - ERROR - Error in paint event: name 'Qt' is not defined
2025-03-24 14:25:26,873 - kovrycha.overlay - ERROR - Error in paint event: name 'Qt' is not defined
2025-03-24 14:25:26,882 - kovrycha.overlay - ERROR - Error in paint event: name 'Qt' is not defined
2025-03-24 14:25:26,893 - kovrycha.overlay - ERROR - Error in paint event: name 'Qt' is not defined
2025-03-24 14:25:26,901 - kovrycha.overlay - ERROR - Error in paint event: name 'Qt' is not defined
2025-03-24 14:25:26,913 - kovrycha.overlay - ERROR - Error in paint event: name 'Qt' is not defined
2025-03-24 14:25:26,943 - kovrycha.overlay - ERROR - Error in paint event: name 'Qt' is not defined
2025-03-24 14:25:26,952 - kovrycha.overlay - ERROR - Error in paint event: name 'Qt' is not defined
2025-03-24 14:25:26,963 - kovrycha.overlay - ERROR - Error in paint event: name 'Qt' is not defined
2025-03-24 14:25:26,972 - kovrycha.overlay - ERROR - Error in paint event: name 'Qt' is not defined
2025-03-24 14:25:26,982 - kovrycha.overlay - ERROR - Error in paint event: name 'Qt' is not defined
2025-03-24 14:25:26,993 - kovrycha.overlay - ERROR - Error in paint event: name 'Qt' is not defined
2025-03-24 14:25:27,002 - kovrycha.overlay - ERROR - Error in paint event: name 'Qt' is not defined
2025-03-24 14:25:27,013 - kovrycha.overlay - ERROR - Error in paint event: name 'Qt' is not defined
2025-03-24 14:25:27,022 - kovrycha.overlay - ERROR - Error in paint event: name 'Qt' is not defined
2025-03-24 14:25:27,062 - kovrycha.overlay - ERROR - Error in paint event: name 'Qt' is not defined
2025-03-24 14:25:27,064 - kovrycha.overlay - ERROR - Error in paint event: name 'Qt' is not defined
2025-03-24 14:25:27,072 - kovrycha.overlay - ERROR - Error in paint event: name 'Qt' is not defined
2025-03-24 14:25:27,082 - kovrycha.overlay - ERROR - Error in paint event: name 'Qt' is not defined
2025-03-24 14:25:27,093 - kovrycha.overlay - ERROR - Error in paint event: name 'Qt' is not defined
2025-03-24 14:25:27,103 - kovrycha.overlay - ERROR - Error in paint event: name 'Qt' is not defined
2025-03-24 14:25:27,112 - kovrycha.overlay - ERROR - Error in paint event: name 'Qt' is not defined
2025-03-24 14:25:27,123 - kovrycha.overlay - ERROR - Error in paint event: name 'Qt' is not defined
2025-03-24 14:25:27,133 - kovrycha.overlay - ERROR - Error in paint event: name 'Qt' is not defined
2025-03-24 14:25:27,162 - kovrycha.overlay - ERROR - Error in paint event: name 'Qt' is not defined
2025-03-24 14:25:27,167 - kovrycha.overlay - ERROR - Error in paint event: name 'Qt' is not defined
2025-03-24 14:25:27,172 - kovrycha.overlay - ERROR - Error in paint event: name 'Qt' is not defined
2025-03-24 14:25:27,182 - kovrycha.overlay - ERROR - Error in paint event: name 'Qt' is not defined
2025-03-24 14:25:27,193 - kovrycha.overlay - ERROR - Error in paint event: name 'Qt' is not defined
2025-03-24 14:25:27,203 - kovrycha.overlay - ERROR - Error in paint event: name 'Qt' is not defined
2025-03-24 14:25:27,213 - kovrycha.overlay - ERROR - Error in paint event: name 'Qt' is not defined
2025-03-24 14:25:27,222 - kovrycha.overlay - ERROR - Error in paint event: name 'Qt' is not defined
2025-03-24 14:25:27,232 - kovrycha.overlay - ERROR - Error in paint event: name 'Qt' is not defined
2025-03-24 14:25:27,242 - kovrycha.overlay - ERROR - Error in paint event: name 'Qt' is not defined
2025-03-24 14:25:27,278 - kovrycha.overlay - ERROR - Error in paint event: name 'Qt' is not defined
2025-03-24 14:25:27,283 - kovrycha.overlay - ERROR - Error in paint event: name 'Qt' is not defined
2025-03-24 14:25:27,295 - kovrycha.overlay - ERROR - Error in paint event: name 'Qt' is not defined
2025-03-24 14:25:27,303 - kovrycha.overlay - ERROR - Error in paint event: name 'Qt' is not defined
2025-03-24 14:25:27,313 - kovrycha.overlay - ERROR - Error in paint event: name 'Qt' is not defined
2025-03-24 14:25:27,322 - kovrycha.overlay - ERROR - Error in paint event: name 'Qt' is not defined
2025-03-24 14:25:27,333 - kovrycha.overlay - ERROR - Error in paint event: name 'Qt' is not defined
2025-03-24 14:25:27,342 - kovrycha.overlay - ERROR - Error in paint event: name 'Qt' is not defined
2025-03-24 14:25:27,381 - kovrycha.overlay - ERROR - Error in paint event: name 'Qt' is not defined
2025-03-24 14:25:27,384 - kovrycha.overlay - ERROR - Error in paint event: name 'Qt' is not defined
2025-03-24 14:25:27,394 - kovrycha.overlay - ERROR - Error in paint event: name 'Qt' is not defined
2025-03-24 14:25:27,403 - kovrycha.overlay - ERROR - Error in paint event: name 'Qt' is not defined
2025-03-24 14:25:27,413 - kovrycha.overlay - ERROR - Error in paint event: name 'Qt' is not defined
2025-03-24 14:25:27,422 - kovrycha.overlay - ERROR - Error in paint event: name 'Qt' is not defined
2025-03-24 14:25:27,433 - kovrycha.overlay - ERROR - Error in paint event: name 'Qt' is not defined
2025-03-24 14:25:27,442 - kovrycha.overlay - ERROR - Error in paint event: name 'Qt' is not defined
2025-03-24 14:25:27,453 - kovrycha.overlay - ERROR - Error in paint event: name 'Qt' is not defined
2025-03-24 14:25:27,507 - kovrycha.overlay - ERROR - Error in paint event: name 'Qt' is not defined
2025-03-24 14:25:27,514 - kovrycha.overlay - ERROR - Error in paint event: name 'Qt' is not defined
2025-03-24 14:25:27,522 - kovrycha.overlay - ERROR - Error in paint event: name 'Qt' is not defined
2025-03-24 14:25:27,534 - kovrycha.overlay - ERROR - Error in paint event: name 'Qt' is not defined
2025-03-24 14:25:27,544 - kovrycha.overlay - ERROR - Error in paint event: name 'Qt' is not defined
2025-03-24 14:25:27,553 - kovrycha.overlay - ERROR - Error in paint event: name 'Qt' is not defined
2025-03-24 14:25:27,563 - kovrycha.overlay - ERROR - Error in paint event: name 'Qt' is not defined
2025-03-24 14:25:27,596 - kovrycha.overlay - ERROR - Error in paint event: name 'Qt' is not defined
2025-03-24 14:25:27,603 - kovrycha.overlay - ERROR - Error in paint event: name 'Qt' is not defined
2025-03-24 14:25:27,611 - kovrycha.overlay - ERROR - Error in paint event: name 'Qt' is not defined
2025-03-24 14:25:27,623 - kovrycha.overlay - ERROR - Error in paint event: name 'Qt' is not defined
2025-03-24 14:25:27,633 - kovrycha.overlay - ERROR - Error in paint event: name 'Qt' is not defined
2025-03-24 14:25:27,643 - kovrycha.overlay - ERROR - Error in paint event: name 'Qt' is not defined
2025-03-24 14:25:27,652 - kovrycha.overlay - ERROR - Error in paint event: name 'Qt' is not defined
2025-03-24 14:25:27,662 - kovrycha.overlay - ERROR - Error in paint event: name 'Qt' is not defined
2025-03-24 14:25:27,673 - kovrycha.overlay - ERROR - Error in paint event: name 'Qt' is not defined
2025-03-24 14:25:27,727 - kovrycha.overlay - ERROR - Error in paint event: name 'Qt' is not defined
2025-03-24 14:25:27,731 - kovrycha.overlay - ERROR - Error in paint event: name 'Qt' is not defined
2025-03-24 14:25:27,743 - kovrycha.overlay - ERROR - Error in paint event: name 'Qt' is not defined
2025-03-24 14:25:27,753 - kovrycha.overlay - ERROR - Error in paint event: name 'Qt' is not defined
2025-03-24 14:25:27,763 - kovrycha.overlay - ERROR - Error in paint event: name 'Qt' is not defined
2025-03-24 14:25:27,773 - kovrycha.overlay - ERROR - Error in paint event: name 'Qt' is not defined
2025-03-24 14:25:27,782 - kovrycha.overlay - ERROR - Error in paint event: name 'Qt' is not defined
2025-03-24 14:25:27,832 - kovrycha.overlay - ERROR - Error in paint event: name 'Qt' is not defined
2025-03-24 14:25:27,836 - kovrycha.overlay - ERROR - Error in paint event: name 'Qt' is not defined
2025-03-24 14:25:27,844 - kovrycha.overlay - ERROR - Error in paint event: name 'Qt' is not defined
2025-03-24 14:25:27,852 - kovrycha.overlay - ERROR - Error in paint event: name 'Qt' is not defined
2025-03-24 14:25:27,862 - kovrycha.overlay - ERROR - Error in paint event: name 'Qt' is not defined
2025-03-24 14:25:27,873 - kovrycha.overlay - ERROR - Error in paint event: name 'Qt' is not defined
2025-03-24 14:25:27,882 - kovrycha.overlay - ERROR - Error in paint event: name 'Qt' is not defined
2025-03-24 14:25:27,893 - kovrycha.overlay - ERROR - Error in paint event: name 'Qt' is not defined
2025-03-24 14:25:27,927 - kovrycha.overlay - ERROR - Error in paint event: name 'Qt' is not defined
2025-03-24 14:25:27,933 - kovrycha.overlay - ERROR - Error in paint event: name 'Qt' is not defined
2025-03-24 14:25:27,943 - kovrycha.overlay - ERROR - Error in paint event: name 'Qt' is not defined
2025-03-24 14:25:27,952 - kovrycha.overlay - ERROR - Error in paint event: name 'Qt' is not defined
2025-03-24 14:25:27,962 - kovrycha.overlay - ERROR - Error in paint event: name 'Qt' is not defined
2025-03-24 14:25:27,973 - kovrycha.overlay - ERROR - Error in paint event: name 'Qt' is not defined
2025-03-24 14:25:27,982 - kovrycha.overlay - ERROR - Error in paint event: name 'Qt' is not defined
2025-03-24 14:25:27,993 - kovrycha.overlay - ERROR - Error in paint event: name 'Qt' is not defined
2025-03-24 14:25:28,002 - kovrycha.overlay - ERROR - Error in paint event: name 'Qt' is not defined
2025-03-24 14:25:28,043 - kovrycha.overlay - ERROR - Error in paint event: name 'Qt' is not defined
2025-03-24 14:25:28,052 - kovrycha.overlay - ERROR - Error in paint event: name 'Qt' is not defined
2025-03-24 14:25:28,063 - kovrycha.overlay - ERROR - Error in paint event: name 'Qt' is not defined
2025-03-24 14:25:28,071 - kovrycha.overlay - ERROR - Error in paint event: name 'Qt' is not defined
2025-03-24 14:25:28,082 - kovrycha.overlay - ERROR - Error in paint event: name 'Qt' is not defined
2025-03-24 14:25:28,093 - kovrycha.overlay - ERROR - Error in paint event: name 'Qt' is not defined
2025-03-24 14:25:28,103 - kovrycha.overlay - ERROR - Error in paint event: name 'Qt' is not defined
2025-03-24 14:25:28,113 - kovrycha.overlay - ERROR - Error in paint event: name 'Qt' is not defined
2025-03-24 14:25:28,145 - kovrycha.overlay - ERROR - Error in paint event: name 'Qt' is not defined
2025-03-24 14:25:28,152 - kovrycha.overlay - ERROR - Error in paint event: name 'Qt' is not defined
2025-03-24 14:25:28,163 - kovrycha.overlay - ERROR - Error in paint event: name 'Qt' is not defined
2025-03-24 14:25:28,173 - kovrycha.overlay - ERROR - Error in paint event: name 'Qt' is not defined
2025-03-24 14:25:28,183 - kovrycha.overlay - ERROR - Error in paint event: name 'Qt' is not defined
2025-03-24 14:25:28,193 - kovrycha.overlay - ERROR - Error in paint event: name 'Qt' is not defined
2025-03-24 14:25:28,202 - kovrycha.overlay - ERROR - Error in paint event: name 'Qt' is not defined
2025-03-24 14:25:28,212 - kovrycha.overlay - ERROR - Error in paint event: name 'Qt' is not defined
2025-03-24 14:25:28,223 - kovrycha.overlay - ERROR - Error in paint event: name 'Qt' is not defined
2025-03-24 14:25:28,262 - kovrycha.overlay - ERROR - Error in paint event: name 'Qt' is not defined
2025-03-24 14:25:28,264 - kovrycha.overlay - ERROR - Error in paint event: name 'Qt' is not defined
2025-03-24 14:25:28,273 - kovrycha.overlay - ERROR - Error in paint event: name 'Qt' is not defined
2025-03-24 14:25:28,282 - kovrycha.overlay - ERROR - Error in paint event: name 'Qt' is not defined
2025-03-24 14:25:28,292 - kovrycha.overlay - ERROR - Error in paint event: name 'Qt' is not defined
2025-03-24 14:25:28,302 - kovrycha.overlay - ERROR - Error in paint event: name 'Qt' is not defined
2025-03-24 14:25:28,313 - kovrycha.overlay - ERROR - Error in paint event: name 'Qt' is not defined
2025-03-24 14:25:28,323 - kovrycha.overlay - ERROR - Error in paint event: name 'Qt' is not defined
2025-03-24 14:25:28,331 - kovrycha.overlay - ERROR - Error in paint event: name 'Qt' is not defined
2025-03-24 14:25:28,372 - kovrycha.overlay - ERROR - Error in paint event: name 'Qt' is not defined
2025-03-24 14:25:28,375 - kovrycha.overlay - ERROR - Error in paint event: name 'Qt' is not defined
2025-03-24 14:25:28,383 - kovrycha.overlay - ERROR - Error in paint event: name 'Qt' is not defined
2025-03-24 14:25:28,393 - kovrycha.overlay - ERROR - Error in paint event: name 'Qt' is not defined
2025-03-24 14:25:28,404 - kovrycha.overlay - ERROR - Error in paint event: name 'Qt' is not defined
2025-03-24 14:25:28,414 - kovrycha.overlay - ERROR - Error in paint event: name 'Qt' is not defined
2025-03-24 14:25:28,423 - kovrycha.overlay - ERROR - Error in paint event: name 'Qt' is not defined
2025-03-24 14:25:28,435 - kovrycha.overlay - ERROR - Error in paint event: name 'Qt' is not defined
2025-03-24 14:25:28,443 - kovrycha.overlay - ERROR - Error in paint event: name 'Qt' is not defined
2025-03-24 14:25:28,488 - kovrycha.overlay - ERROR - Error in paint event: name 'Qt' is not defined
2025-03-24 14:25:28,494 - kovrycha.overlay - ERROR - Error in paint event: name 'Qt' is not defined
2025-03-24 14:25:28,504 - kovrycha.overlay - ERROR - Error in paint event: name 'Qt' is not defined
2025-03-24 14:25:28,513 - kovrycha.overlay - ERROR - Error in paint event: name 'Qt' is not defined
2025-03-24 14:25:28,522 - kovrycha.overlay - ERROR - Error in paint event: name 'Qt' is not defined
2025-03-24 14:25:28,532 - kovrycha.overlay - ERROR - Error in paint event: name 'Qt' is not defined
2025-03-24 14:25:28,543 - kovrycha.overlay - ERROR - Error in paint event: name 'Qt' is not defined
2025-03-24 14:25:28,554 - kovrycha.overlay - ERROR - Error in paint event: name 'Qt' is not defined
2025-03-24 14:25:28,601 - kovrycha.overlay - ERROR - Error in paint event: name 'Qt' is not defined
2025-03-24 14:25:28,604 - kovrycha.overlay - ERROR - Error in paint event: name 'Qt' is not defined
2025-03-24 14:25:28,613 - kovrycha.overlay - ERROR - Error in paint event: name 'Qt' is not defined
2025-03-24 14:25:28,623 - kovrycha.overlay - ERROR - Error in paint event: name 'Qt' is not defined
2025-03-24 14:25:28,632 - kovrycha.overlay - ERROR - Error in paint event: name 'Qt' is not defined
2025-03-24 14:25:28,643 - kovrycha.overlay - ERROR - Error in paint event: name 'Qt' is not defined
2025-03-24 14:25:28,652 - kovrycha.overlay - ERROR - Error in paint event: name 'Qt' is not defined
2025-03-24 14:25:28,663 - kovrycha.overlay - ERROR - Error in paint event: name 'Qt' is not defined
2025-03-24 14:25:28,696 - kovrycha.overlay - ERROR - Error in paint event: name 'Qt' is not defined
2025-03-24 14:25:28,702 - kovrycha.overlay - ERROR - Error in paint event: name 'Qt' is not defined
2025-03-24 14:25:28,713 - kovrycha.overlay - ERROR - Error in paint event: name 'Qt' is not defined
2025-03-24 14:25:28,722 - kovrycha.overlay - ERROR - Error in paint event: name 'Qt' is not defined
2025-03-24 14:25:28,734 - kovrycha.overlay - ERROR - Error in paint event: name 'Qt' is not defined
2025-03-24 14:25:28,742 - kovrycha.overlay - ERROR - Error in paint event: name 'Qt' is not defined
2025-03-24 14:25:28,753 - kovrycha.overlay - ERROR - Error in paint event: name 'Qt' is not defined
2025-03-24 14:25:28,763 - kovrycha.overlay - ERROR - Error in paint event: name 'Qt' is not defined
2025-03-24 14:25:28,772 - kovrycha.overlay - ERROR - Error in paint event: name 'Qt' is not defined
2025-03-24 14:25:28,810 - kovrycha.overlay - ERROR - Error in paint event: name 'Qt' is not defined
2025-03-24 14:25:28,811 - kovrycha.overlay - ERROR - Error in paint event: name 'Qt' is not defined
2025-03-24 14:25:28,822 - kovrycha.overlay - ERROR - Error in paint event: name 'Qt' is not defined
2025-03-24 14:25:28,834 - kovrycha.overlay - ERROR - Error in paint event: name 'Qt' is not defined
2025-03-24 14:25:28,842 - kovrycha.overlay - ERROR - Error in paint event: name 'Qt' is not defined
2025-03-24 14:25:28,853 - kovrycha.overlay - ERROR - Error in paint event: name 'Qt' is not defined
2025-03-24 14:25:28,863 - kovrycha.overlay - ERROR - Error in paint event: name 'Qt' is not defined
2025-03-24 14:25:28,871 - kovrycha.overlay - ERROR - Error in paint event: name 'Qt' is not defined
2025-03-24 14:25:28,882 - kovrycha.overlay - ERROR - Error in paint event: name 'Qt' is not defined
2025-03-24 14:25:28,911 - kovrycha.overlay - ERROR - Error in paint event: name 'Qt' is not defined
2025-03-24 14:25:28,914 - kovrycha.overlay - ERROR - Error in paint event: name 'Qt' is not defined
2025-03-24 14:25:28,922 - kovrycha.overlay - ERROR - Error in paint event: name 'Qt' is not defined
2025-03-24 14:25:28,933 - kovrycha.overlay - ERROR - Error in paint event: name 'Qt' is not defined
2025-03-24 14:25:28,944 - kovrycha.overlay - ERROR - Error in paint event: name 'Qt' is not defined
2025-03-24 14:25:28,953 - kovrycha.overlay - ERROR - Error in paint event: name 'Qt' is not defined
2025-03-24 14:25:28,963 - kovrycha.overlay - ERROR - Error in paint event: name 'Qt' is not defined
2025-03-24 14:25:28,972 - kovrycha.overlay - ERROR - Error in paint event: name 'Qt' is not defined
2025-03-24 14:25:28,982 - kovrycha.overlay - ERROR - Error in paint event: name 'Qt' is not defined
2025-03-24 14:25:28,992 - kovrycha.overlay - ERROR - Error in paint event: name 'Qt' is not defined
